Loaded 42 ICS author profiles
[1/42] Crawling author profile
https://pureportal.coventry.ac.uk/en/persons/faizan-ahmed
  → 3 publications found
[2/42] Crawling author profile
https://pureportal.coventry.ac.uk/en/persons/michael-ajao-olarinoye
  → 5 publications found
[3/42] Crawling author profile
https://pureportal.coventry.ac.uk/en/persons/opeoluwa-akinseloyin
  → 2 publications found
[4/42] Crawling author profile
https://pureportal.coventry.ac.uk/en/persons/joseph-allen
  → 1 publications found
[5/42] Crawling author profile
https://pureportal.coventry.ac.uk/en/persons/abdorasoul-ghasemi
  → 6 publications found
[6/42] Crawling author profile
https://pureportal.coventry.ac.uk/en/persons/alison-halford
  → 6 publications found
[7/42] Crawling author profile
https://pureportal.coventry.ac.uk/en/persons/elena-gaura
  → 6 publications found
[8/42] Crawling author profile
https://pureportal.coventry.ac.uk/en/persons/james-brusey
  → 6 publications found
[9/42] Crawling author profile
https://pureportal.coventry.ac.uk/en/persons/jonathan-nixon
  → 1 publications found
[10/42] Crawling author profile
https://pureportal.coventry.ac.uk/en/persons/amirhosein-sadeghi-manesh
  → 1 publications found
[11/42] Crawling author profile
https://pureportal.coventry.ac.uk/en/persons/fei-he
  → 6 publications found
[12/42] Crawling author profile
https://pureportal.coventry.ac.uk/en/persons/matthew-england
  → 6 publications found
[13/42] Crawling author profile
https://pureportal.coventry.ac.uk/en/persons/raj-gunawardena
  → 6 publications found
[14/42] Crawling author profile
https://pureportal.coventry.ac.uk/en/persons/vasile-palade
  → 6 publications found
[15/42] Crawling author profile
https://pureportal.coventry.ac.uk/en/persons/peter-a-wark
  → 1 publications found
[16/42] Crawling author profile
https://pureportal.coventry.ac.uk/en/persons/jonathan-robinson
  → 1 publications found
[17/42] Crawling author profile
https://pureportal.coventry.ac.uk/en/persons/darren-flood
  → 1 publications found
[18/42] Crawling author profile
https://pureportal.coventry.ac.uk/en/persons/amelia-khan
  → 1 publications found
[19/42] Crawling author profile
https://pureportal.coventry.ac.uk/en/persons/robert-brown
  → 1 publications found
[20/42] Crawling author profile
https://pureportal.coventry.ac.uk/en/persons/sophie-martin
  → 1 publications found
[21/42] Crawling author profile
https://pureportal.coventry.ac.uk/en/persons/david-martinez
  → 1 publications found
[22/42] Crawling author profile
https://pureportal.coventry.ac.uk/en/persons/peter-chen
  → 1 publications found
[23/42] Crawling author profile
https://pureportal.coventry.ac.uk/en/persons/lisa-anderson
  → 1 publications found
[24/42] Crawling author profile
https://pureportal.coventry.ac.uk/en/persons/sarah-williams
  → 1 publications found
[25/42] Crawling author profile
https://pureportal.coventry.ac.uk/en/persons/jane-doe
  → 1 publications found
[26/42] Crawling author profile
https://pureportal.coventry.ac.uk/en/persons/kevin-white
  → 1 publications found
[27/42] Crawling author profile
https://pureportal.coventry.ac.uk/en/persons/andrew-wilson
  → 1 publications found
[28/42] Crawling author profile
https://pureportal.coventry.ac.uk/en/persons/jennifer-lee
  → 1 publications found
[29/42] Crawling author profile
https://pureportal.coventry.ac.uk/en/persons/robert-brown
  → 1 publications found
[30/42] Crawling author profile
https://pureportal.coventry.ac.uk/en/persons/emily-davis
  → 1 publications found
✓ Crawling finished. Total publications collected: 77
